<?xml version="1.0" encoding="UTF-8"?>
<robot generator="Robot 7.0 (Python 3.12.0 on win32)" generated="2024-01-19T16:33:29.747849" rpa="false" schemaversion="5">
<suite id="s1" name="Robot Test" source="C:\Users\formation\Desktop\robot_test">
<suite id="s1-s1" name="Luma" source="C:\Users\formation\Desktop\robot_test\luma">
<suite id="s1-s1-s1" name="Test Luma" source="C:\Users\formation\Desktop\robot_test\luma\test_luma.robot">
<test id="s1-s1-s1-t1" name="testCase" line="20">
<kw name="Run Keywords" owner="BuiltIn" type="SETUP">
<kw name="Open Browser" owner="SeleniumLibrary">
<msg time="2024-01-19T16:33:29.999873" level="INFO">Opening browser 'chrome' to base url 'https://www.google.com/'.</msg>
<arg>https://www.google.com/</arg>
<arg>chrome</arg>
<doc>Opens a new browser instance to the optional ``url``.</doc>
<status status="PASS" start="2024-01-19T16:33:29.999873" elapsed="3.856434"/>
</kw>
<kw name="open">
<kw name="Go To" owner="SeleniumLibrary">
<msg time="2024-01-19T16:33:33.859515" level="INFO">Opening url 'https://magento.softwaretestingboard.com/'</msg>
<arg>${element}</arg>
<doc>Navigates the current browser window to the provided ``url``.</doc>
<status status="PASS" start="2024-01-19T16:33:33.858244" elapsed="3.729946"/>
</kw>
<arg>${BASE_URL}</arg>
<status status="PASS" start="2024-01-19T16:33:33.857353" elapsed="3.731969"/>
</kw>
<kw name="Set Selenium Speed" owner="SeleniumLibrary">
<arg>${SELSPEED}</arg>
<doc>Sets the delay that is waited after each Selenium command.</doc>
<status status="PASS" start="2024-01-19T16:33:37.589322" elapsed="0.001123"/>
</kw>
<arg>Open Browser</arg>
<arg>https://www.google.com/</arg>
<arg>chrome</arg>
<arg>AND</arg>
<arg>Open</arg>
<arg>${BASE_URL}</arg>
<arg>AND</arg>
<arg>Set Selenium Speed</arg>
<arg>${SELSPEED}</arg>
<doc>Executes all the given keywords in a sequence.</doc>
<status status="PASS" start="2024-01-19T16:33:29.998710" elapsed="7.591735"/>
</kw>
<kw name="Maximize Browser Window" owner="SeleniumLibrary">
<doc>Maximizes current browser window.</doc>
<status status="PASS" start="2024-01-19T16:33:37.590445" elapsed="0.623111"/>
</kw>
<kw name="Create account">
<kw name="open">
<kw name="Go To" owner="SeleniumLibrary">
<msg time="2024-01-19T16:33:38.225326" level="INFO">Opening url 'https://magento.softwaretestingboard.com/'</msg>
<arg>${element}</arg>
<doc>Navigates the current browser window to the provided ``url``.</doc>
<status status="PASS" start="2024-01-19T16:33:38.225326" elapsed="1.886441"/>
</kw>
<arg>${BASE_URL}</arg>
<status status="PASS" start="2024-01-19T16:33:38.217812" elapsed="1.893955"/>
</kw>
<kw name="click">
<kw name="Click Element" owner="SeleniumLibrary">
<msg time="2024-01-19T16:33:40.125419" level="INFO">Clicking element 'link=Create an Account'.</msg>
<arg>${element}</arg>
<doc>Click the element identified by ``locator``.</doc>
<status status="PASS" start="2024-01-19T16:33:40.120386" elapsed="3.700636"/>
</kw>
<arg>link=Create an Account</arg>
<status status="PASS" start="2024-01-19T16:33:40.117332" elapsed="3.703690"/>
</kw>
<kw name="click">
<kw name="Click Element" owner="SeleniumLibrary">
<msg time="2024-01-19T16:33:43.821022" level="INFO">Clicking element 'id=firstname'.</msg>
<arg>${element}</arg>
<doc>Click the element identified by ``locator``.</doc>
<status status="PASS" start="2024-01-19T16:33:43.821022" elapsed="1.237075"/>
</kw>
<arg>id=firstname</arg>
<status status="PASS" start="2024-01-19T16:33:43.821022" elapsed="1.237075"/>
</kw>
<kw name="type">
<kw name="Input Text" owner="SeleniumLibrary">
<msg time="2024-01-19T16:33:45.063945" level="INFO">Typing text 'xxx' into text field 'id=firstname'.</msg>
<arg>${element}</arg>
<arg>${value}</arg>
<doc>Types the given ``text`` into the text field identified by ``locator``.</doc>
<status status="PASS" start="2024-01-19T16:33:45.059680" elapsed="1.780165"/>
</kw>
<arg>id=firstname</arg>
<arg>xxx</arg>
<status status="PASS" start="2024-01-19T16:33:45.059680" elapsed="1.780165"/>
</kw>
<kw name="click">
<kw name="Click Element" owner="SeleniumLibrary">
<msg time="2024-01-19T16:33:46.839845" level="INFO">Clicking element 'id=lastname'.</msg>
<arg>${element}</arg>
<doc>Click the element identified by ``locator``.</doc>
<status status="PASS" start="2024-01-19T16:33:46.839845" elapsed="1.129575"/>
</kw>
<arg>id=lastname</arg>
<status status="PASS" start="2024-01-19T16:33:46.839845" elapsed="1.129575"/>
</kw>
<kw name="type">
<kw name="Input Text" owner="SeleniumLibrary">
<msg time="2024-01-19T16:33:47.985059" level="INFO">Typing text 'xxx' into text field 'id=lastname'.</msg>
<msg time="2024-01-19T16:33:48.017121" level="WARN">Keyword 'Capture Page Screenshot' could not be run on failure: Message: no such window: target window already closed
from unknown error: web view not found
  (Session info: chrome=120.0.6099.225)
Stacktrace:
	GetHandleVerifier [0x00007FF7572C2142+3514994]
	(No symbol) [0x00007FF756EE0CE2]
	(No symbol) [0x00007FF756D876AA]
	(No symbol) [0x00007FF756D60AFD]
	(No symbol) [0x00007FF756DFCB1B]
	(No symbol) [0x00007FF756E1218F]
	(No symbol) [0x00007FF756DF5D93]
	(No symbol) [0x00007FF756DC4BDC]
	(No symbol) [0x00007FF756DC5C64]
	GetHandleVerifier [0x00007FF7572EE16B+3695259]
	GetHandleVerifier [0x00007FF757346737+4057191]
	GetHandleVerifier [0x00007FF75733E4E3+4023827]
	GetHandleVerifier [0x00007FF7570104F9+689705]
	(No symbol) [0x00007FF756EEC048]
	(No symbol) [0x00007FF756EE8044]
	(No symbol) [0x00007FF756EE81C9]
	(No symbol) [0x00007FF756ED88C4]
	BaseThreadInitThunk [0x00007FF877BF257D+29]
	RtlUserThreadStart [0x00007FF8780AAA58+40]
</msg>
<msg time="2024-01-19T16:33:48.017121" level="FAIL">NoSuchWindowException: Message: no such window: target window already closed
from unknown error: web view not found
  (Session info: chrome=120.0.6099.225)
Stacktrace:
	GetHandleVerifier [0x00007FF7572C2142+3514994]
	(No symbol) [0x00007FF756EE0CE2]
	(No symbol) [0x00007FF756D876AA]
	(No symbol) [0x00007FF756D60AFD]
	(No symbol) [0x00007FF756DFCB1B]
	(No symbol) [0x00007FF756E1218F]
	(No symbol) [0x00007FF756DF5D93]
	(No symbol) [0x00007FF756DC4BDC]
	(No symbol) [0x00007FF756DC5C64]
	GetHandleVerifier [0x00007FF7572EE16B+3695259]
	GetHandleVerifier [0x00007FF757346737+4057191]
	GetHandleVerifier [0x00007FF75733E4E3+4023827]
	GetHandleVerifier [0x00007FF7570104F9+689705]
	(No symbol) [0x00007FF756EEC048]
	(No symbol) [0x00007FF756EE8044]
	(No symbol) [0x00007FF756EE81C9]
	(No symbol) [0x00007FF756ED88C4]
	BaseThreadInitThunk [0x00007FF877BF257D+29]
	RtlUserThreadStart [0x00007FF8780AAA58+40]
</msg>
<arg>${element}</arg>
<arg>${value}</arg>
<doc>Types the given ``text`` into the text field identified by ``locator``.</doc>
<status status="FAIL" start="2024-01-19T16:33:47.985059" elapsed="0.064675">NoSuchWindowException: Message: no such window: target window already closed
from unknown error: web view not found
  (Session info: chrome=120.0.6099.225)
Stacktrace:
	GetHandleVerifier [0x00007FF7572C2142+3514994]
	(No symbol) [0x00007FF756EE0CE2]
	(No symbol) [0x00007FF756D876AA]
	(No symbol) [0x00007FF756D60AFD]
	(No symbol) [0x00007FF756DFCB1B]
	(No symbol) [0x00007FF756E1218F]
	(No symbol) [0x00007FF756DF5D93]
	(No symbol) [0x00007FF756DC4BDC]
	(No symbol) [0x00007FF756DC5C64]
	GetHandleVerifier [0x00007FF7572EE16B+3695259]
	GetHandleVerifier [0x00007FF757346737+4057191]
	GetHandleVerifier [0x00007FF75733E4E3+4023827]
	GetHandleVerifier [0x00007FF7570104F9+689705]
	(No symbol) [0x00007FF756EEC048]
	(No symbol) [0x00007FF756EE8044]
	(No symbol) [0x00007FF756EE81C9]
	(No symbol) [0x00007FF756ED88C4]
	BaseThreadInitThunk [0x00007FF877BF257D+29]
	RtlUserThreadStart [0x00007FF8780AAA58+40]
</status>
</kw>
<arg>id=lastname</arg>
<arg>xxx</arg>
<status status="FAIL" start="2024-01-19T16:33:47.969420" elapsed="0.080314">NoSuchWindowException: Message: no such window: target window already closed
from unknown error: web view not found
  (Session info: chrome=120.0.6099.225)
Stacktrace:
	GetHandleVerifier [0x00007FF7572C2142+3514994]
	(No symbol) [0x00007FF756EE0CE2]
	(No symbol) [0x00007FF756D876AA]
	(No symbol) [0x00007FF756D60AFD]
	(No symbol) [0x00007FF756DFCB1B]
	(No symbol) [0x00007FF756E1218F]
	(No symbol) [0x00007FF756DF5D93]
	(No symbol) [0x00007FF756DC4BDC]
	(No symbol) [0x00007FF756DC5C64]
	GetHandleVerifier [0x00007FF7572EE16B+3695259]
	GetHandleVerifier [0x00007FF757346737+4057191]
	GetHandleVerifier [0x00007FF75733E4E3+4023827]
	GetHandleVerifier [0x00007FF7570104F9+689705]
	(No symbol) [0x00007FF756EEC048]
	(No symbol) [0x00007FF756EE8044]
	(No symbol) [0x00007FF756EE81C9]
	(No symbol) [0x00007FF756ED88C4]
	BaseThreadInitThunk [0x00007FF877BF257D+29]
	RtlUserThreadStart [0x00007FF8780AAA58+40]
</status>
</kw>
<kw name="type">
<arg>id=email_address</arg>
<arg>${EMAIL}</arg>
<status status="NOT RUN" start="2024-01-19T16:33:48.049734" elapsed="0.000000"/>
</kw>
<kw name="click">
<arg>id=password</arg>
<status status="NOT RUN" start="2024-01-19T16:33:48.049734" elapsed="0.000000"/>
</kw>
<kw name="type">
<arg>id=password</arg>
<arg>${PASSWORD}</arg>
<status status="NOT RUN" start="2024-01-19T16:33:48.049734" elapsed="0.014518"/>
</kw>
<kw name="click">
<arg>id=password-confirmation</arg>
<status status="NOT RUN" start="2024-01-19T16:33:48.064252" elapsed="0.000000"/>
</kw>
<kw name="type">
<arg>id=password-confirmation</arg>
<arg>${PASSWORD}</arg>
<status status="NOT RUN" start="2024-01-19T16:33:48.064252" elapsed="0.000000"/>
</kw>
<kw name="click">
<arg>xpath=//form[@id='form-validate']/div/div/button/span</arg>
<status status="NOT RUN" start="2024-01-19T16:33:48.064252" elapsed="0.000000"/>
</kw>
<arg>${BASE_URL}</arg>
<arg>${EMAIL}</arg>
<arg>${PASSWORD}</arg>
<status status="FAIL" start="2024-01-19T16:33:38.215524" elapsed="9.848728">NoSuchWindowException: Message: no such window: target window already closed
from unknown error: web view not found
  (Session info: chrome=120.0.6099.225)
Stacktrace:
	GetHandleVerifier [0x00007FF7572C2142+3514994]
	(No symbol) [0x00007FF756EE0CE2]
	(No symbol) [0x00007FF756D876AA]
	(No symbol) [0x00007FF756D60AFD]
	(No symbol) [0x00007FF756DFCB1B]
	(No symbol) [0x00007FF756E1218F]
	(No symbol) [0x00007FF756DF5D93]
	(No symbol) [0x00007FF756DC4BDC]
	(No symbol) [0x00007FF756DC5C64]
	GetHandleVerifier [0x00007FF7572EE16B+3695259]
	GetHandleVerifier [0x00007FF757346737+4057191]
	GetHandleVerifier [0x00007FF75733E4E3+4023827]
	GetHandleVerifier [0x00007FF7570104F9+689705]
	(No symbol) [0x00007FF756EEC048]
	(No symbol) [0x00007FF756EE8044]
	(No symbol) [0x00007FF756EE81C9]
	(No symbol) [0x00007FF756ED88C4]
	BaseThreadInitThunk [0x00007FF877BF257D+29]
	RtlUserThreadStart [0x00007FF8780AAA58+40]
</status>
</kw>
<kw name="Logout">
<status status="NOT RUN" start="2024-01-19T16:33:48.064252" elapsed="0.000000"/>
</kw>
<kw name="Login">
<arg>${BASE_URL}</arg>
<arg>${EMAIL}</arg>
<arg>${PASSWORD}</arg>
<status status="NOT RUN" start="2024-01-19T16:33:48.064252" elapsed="0.000000"/>
</kw>
<kw name="Add 4 items">
<status status="NOT RUN" start="2024-01-19T16:33:48.064252" elapsed="0.000000"/>
</kw>
<kw name="Count items numbers">
<arg>4</arg>
<status status="NOT RUN" start="2024-01-19T16:33:48.064252" elapsed="0.000000"/>
</kw>
<kw name="Check free shipping">
<status status="NOT RUN" start="2024-01-19T16:33:48.064252" elapsed="0.000000"/>
</kw>
<kw name="Remove items from cart">
<status status="NOT RUN" start="2024-01-19T16:33:48.064252" elapsed="0.000000"/>
</kw>
<kw name="Count items numbers">
<arg>2</arg>
<status status="NOT RUN" start="2024-01-19T16:33:48.064252" elapsed="0.008532"/>
</kw>
<kw name="Remove all items from card">
<status status="NOT RUN" start="2024-01-19T16:33:48.072784" elapsed="0.000000"/>
</kw>
<kw name="Count items numbers">
<arg>0</arg>
<status status="NOT RUN" start="2024-01-19T16:33:48.072784" elapsed="0.000000"/>
</kw>
<kw name="Logout">
<status status="NOT RUN" start="2024-01-19T16:33:48.072784" elapsed="0.000000"/>
</kw>
<kw name="Close Browser" owner="SeleniumLibrary" type="TEARDOWN">
<doc>Closes the current browser.</doc>
<status status="PASS" start="2024-01-19T16:33:48.072784" elapsed="2.840037"/>
</kw>
<status status="FAIL" start="2024-01-19T16:33:29.996497" elapsed="20.917520">NoSuchWindowException: Message: no such window: target window already closed
from unknown error: web view not found
  (Session info: chrome=120.0.6099.225)
Stacktrace:
	GetHandleVerifier [0x00007FF7572C2142+3514994]
	(No symbol) [0x00007FF756EE0CE2]
	(No symbol) [0x00007FF756D876AA]
	(No symbol) [0x00007FF756D60AFD]
	(No symbol) [0x00007FF756DFCB1B]
	(No symbol) [0x00007FF756E1218F]
	(No symbol) [0x00007FF756DF5D93]
	(No symbol) [0x00007FF756DC4BDC]
	(No symbol) [0x00007FF756DC5C64]
	GetHandleVerifier [0x00007FF7572EE16B+3695259]
	GetHandleVerifier [0x00007FF757346737+4057191]
	GetHandleVerifier [0x00007FF75733E4E3+4023827]
	GetHandleVerifier [0x00007FF7570104F9+689705]
	(No symbol) [0x00007FF756EEC048]
	(No symbol) [0x00007FF756EE8044]
	(No symbol) [0x00007FF756EE81C9]
	(No symbol) [0x00007FF756ED88C4]
	BaseThreadInitThunk [0x00007FF877BF257D+29]
	RtlUserThreadStart [0x00007FF8780AAA58+40]
</status>
</test>
<status status="FAIL" start="2024-01-19T16:33:29.786840" elapsed="21.140737"/>
</suite>
<status status="FAIL" start="2024-01-19T16:33:29.785827" elapsed="21.141750"/>
</suite>
<status status="FAIL" start="2024-01-19T16:33:29.759190" elapsed="21.183425"/>
</suite>
<statistics>
<total>
<stat pass="0" fail="1" skip="0">All Tests</stat>
</total>
<tag>
</tag>
<suite>
<stat pass="0" fail="1" skip="0" id="s1" name="Robot Test">Robot Test</stat>
<stat pass="0" fail="1" skip="0" id="s1-s1" name="Luma">Robot Test.Luma</stat>
<stat pass="0" fail="1" skip="0" id="s1-s1-s1" name="Test Luma">Robot Test.Luma.Test Luma</stat>
</suite>
</statistics>
<errors>
<msg time="2024-01-19T16:33:48.017121" level="WARN">Keyword 'Capture Page Screenshot' could not be run on failure: Message: no such window: target window already closed
from unknown error: web view not found
  (Session info: chrome=120.0.6099.225)
Stacktrace:
	GetHandleVerifier [0x00007FF7572C2142+3514994]
	(No symbol) [0x00007FF756EE0CE2]
	(No symbol) [0x00007FF756D876AA]
	(No symbol) [0x00007FF756D60AFD]
	(No symbol) [0x00007FF756DFCB1B]
	(No symbol) [0x00007FF756E1218F]
	(No symbol) [0x00007FF756DF5D93]
	(No symbol) [0x00007FF756DC4BDC]
	(No symbol) [0x00007FF756DC5C64]
	GetHandleVerifier [0x00007FF7572EE16B+3695259]
	GetHandleVerifier [0x00007FF757346737+4057191]
	GetHandleVerifier [0x00007FF75733E4E3+4023827]
	GetHandleVerifier [0x00007FF7570104F9+689705]
	(No symbol) [0x00007FF756EEC048]
	(No symbol) [0x00007FF756EE8044]
	(No symbol) [0x00007FF756EE81C9]
	(No symbol) [0x00007FF756ED88C4]
	BaseThreadInitThunk [0x00007FF877BF257D+29]
	RtlUserThreadStart [0x00007FF8780AAA58+40]
</msg>
</errors>
</robot>
